Wed Dec 13 23:04:17 2017 daemon.warn zabbix_agentd[4299]: Remote command [who | wc -l] result is not unsigned integer
Wed Dec 13 23:04:17 2017 daemon.warn zabbix_agentd[4299]: active check "system.users.num" is not supported
Wed Dec 13 23:10:00 2017 daemon.notice openvpn(client)[4300]: [vpn-crwifi] Inactivity timeout (--ping-restart), restarting
Wed Dec 13 23:10:00 2017 daemon.notice openvpn(client)[4300]: SIGUSR1[soft,ping-restart] received, process restarting
Wed Dec 13 23:10:00 2017 daemon.notice openvpn(client)[4300]: Restart pause, 2 second(s)
Wed Dec 13 23:10:02 2017 daemon.notice openvpn(client)[4300]: Socket Buffers: R=[212992->131072] S=[212992->131072]
Wed Dec 13 23:10:02 2017 daemon.notice openvpn(client)[4300]: UDPv4 link local: [undef]
Wed Dec 13 23:10:02 2017 daemon.notice openvpn(client)[4300]: UDPv4 link remote: [AF_INET]123.57.9.21:2194
Wed Dec 13 23:10:04 2017 daemon.notice openvpn(client)[4300]: TLS: Initial packet from [AF_INET]123.57.9.21:2194, sid=ff9d7ec0 262fe63d
Wed Dec 13 23:10:05 2017 daemon.notice openvpn(client)[4300]: VERIFY OK: depth=1, C=CN, ST=BJ, L=BeiJing, O=CRTT, OU=crwifi, CN=CRTT CA, name=vpn-crwifi, emailAddress=crwifi@crtt.com
Wed Dec 13 23:10:05 2017 daemon.notice openvpn(client)[4300]: VERIFY OK: nsCertType=SERVER
Wed Dec 13 23:10:05 2017 daemon.notice openvpn(client)[4300]: VERIFY OK: depth=0, C=CN, ST=BJ, L=BeiJing, O=CRTT, OU=crwifi, CN=vpn-crwifi, name=vpn-crwifi, emailAddress=crwifi@crtt.com
Wed Dec 13 23:10:06 2017 daemon.notice openvpn(client)[4300]: Data Channel Encrypt: Cipher 'BF-CBC' initialized with 128 bit key
Wed Dec 13 23:10:06 2017 daemon.notice openvpn(client)[4300]: Data Channel Encrypt: Using 160 bit message hash 'SHA1' for HMAC authentication
Wed Dec 13 23:10:06 2017 daemon.notice openvpn(client)[4300]: Data Channel Decrypt: Cipher 'BF-CBC' initialized with 128 bit key
Wed Dec 13 23:10:06 2017 daemon.notice openvpn(client)[4300]: Data Channel Decrypt: Using 160 bit message hash 'SHA1' for HMAC authentication
Wed Dec 13 23:10:06 2017 daemon.notice openvpn(client)[4300]: Control Channel: TLSv1, cipher TLSv1/SSLv3 DHE-RSA-AES256-SHA, 2048 bit RSA
Wed Dec 13 23:10:06 2017 daemon.notice openvpn(client)[4300]: [vpn-crwifi] Peer Connection Initiated with [AF_INET]123.57.9.21:2194
Wed Dec 13 23:10:08 2017 daemon.notice openvpn(client)[4300]: SENT CONTROL [vpn-crwifi]: 'PUSH_REQUEST' (status=1)
Wed Dec 13 23:10:08 2017 daemon.notice openvpn(client)[4300]: PUSH: Received control message: 'PUSH_REPLY,route 172.16.0.1,topology net30,ping 4,ping-restart 60,ifconfig 172.23.0.81 172.23.0.82'
Wed Dec 13 23:10:08 2017 daemon.notice openvpn(client)[4300]: OPTIONS IMPORT: timers and/or timeouts modified
Wed Dec 13 23:10:08 2017 daemon.notice openvpn(client)[4300]: OPTIONS IMPORT: --ifconfig/up options modified
Wed Dec 13 23:10:08 2017 daemon.notice openvpn(client)[4300]: OPTIONS IMPORT: route options modified
Wed Dec 13 23:10:08 2017 daemon.notice openvpn(client)[4300]: Preserving previous TUN/TAP instance: tun0
Wed Dec 13 23:10:08 2017 daemon.notice openvpn(client)[4300]: Initialization Sequence Completed
Wed Dec 13 23:14:19 2017 daemon.warn zabbix_agentd[4299]: Remote command [who | wc -l] result is not unsigned integer
Wed Dec 13 23:14:19 2017 daemon.warn zabbix_agentd[4299]: active check "system.users.num" is not supported
Wed Dec 13 23:24:21 2017 daemon.err zabbix_agentd[4299]: cannot parse list of active checks: cannot parse as a valid JSON object: invalid object format, expected opening character '{' at: ',{"key":"net.if.out[vth11]","delay":30,"lastlogsize":0,"mtime":0},{"key":"net.if.out[vth21,bytes]","delay":30,"lastlogsize":0,"mtime":0},{"key":"net.if.out[vt
Wed Dec 13 23:26:21 2017 daemon.warn zabbix_agentd[4299]: Remote command [who | wc -l] result is not unsigned integer
Wed Dec 13 23:26:21 2017 daemon.warn zabbix_agentd[4299]: active check "system.users.num" is not supported
Wed Dec 13 23:36:22 2017 daemon.warn zabbix_agentd[4299]: Remote command [who | wc -l] result is not unsigned integer
Wed Dec 13 23:36:22 2017 daemon.warn zabbix_agentd[4299]: active check "system.users.num" is not supported
Wed Dec 13 23:38:25 2017 daemon.warn zabbix_agentd[4299]: active check configuration update from [192.168.10.2:1234] started to fail (ZBX_TCP_READ() failed: [4] Interrupted system call)
Wed Dec 13 23:39:25 2017 daemon.warn zabbix_agentd[4299]: active check configuration update from [192.168.10.2:1234] is working again
Wed Dec 13 23:47:27 2017 daemon.warn zabbix_agentd[4299]: Remote command [who | wc -l] result is not unsigned integer
Wed Dec 13 23:47:27 2017 daemon.warn zabbix_agentd[4299]: active check "system.users.num" is not supported
Wed Dec 13 22:21:02 2017 daemon.warn zabbix_agentd[4299]: Remote command [who | wc -l] result is not unsigned integer
Wed Dec 13 22:21:02 2017 daemon.warn zabbix_agentd[4299]: active check "system.users.num" is not supported
Wed Dec 13 22:27:06 2017 daemon.warn zabbix_agentd[4299]: active check configuration update from [192.168.10.2:1234] started to fail (ZBX_TCP_READ() failed: [4] Interrupted system call)
Wed Dec 13 22:28:06 2017 daemon.warn zabbix_agentd[4299]: active check configuration update from [192.168.10.2:1234] is working again
Wed Dec 13 22:32:07 2017 daemon.warn zabbix_agentd[4299]: Remote command [who | wc -l] result is not unsigned integer
Wed Dec 13 22:32:07 2017 daemon.warn zabbix_agentd[4299]: active check "system.users.num" is not supported
Wed Dec 13 22:41:39 2017 daemon.notice openvpn(client)[4300]: TLS: tls_process: killed expiring key
Wed Dec 13 22:41:40 2017 daemon.notice openvpn(client)[4300]: TLS: soft reset sec=0 bytes=86774/0 pkts=1652/0
Wed Dec 13 22:41:41 2017 daemon.notice openvpn(client)[4300]: VERIFY OK: depth=1, C=CN, ST=BJ, L=BeiJing, O=CRTT, OU=crwifi, CN=CRTT CA, name=vpn-crwifi, emailAddress=crwifi@crtt.com
Wed Dec 13 22:41:41 2017 daemon.notice openvpn(client)[4300]: VERIFY OK: nsCertType=SERVER
Wed Dec 13 22:41:41 2017 daemon.notice openvpn(client)[4300]: VERIFY OK: depth=0, C=CN, ST=BJ, L=BeiJing, O=CRTT, OU=crwifi, CN=vpn-crwifi, name=vpn-crwifi, emailAddress=crwifi@crtt.com
Wed Dec 13 22:41:41 2017 daemon.notice openvpn(client)[4300]: Data Channel Encrypt: Cipher 'BF-CBC' initialized with 128 bit key
Wed Dec 13 22:41:41 2017 daemon.notice openvpn(client)[4300]: Data Channel Encrypt: Using 160 bit message hash 'SHA1' for HMAC authentication
Wed Dec 13 22:41:41 2017 daemon.notice openvpn(client)[4300]: Data Channel Decrypt: Cipher 'BF-CBC' initialized with 128 bit key
Wed Dec 13 22:41:41 2017 daemon.notice openvpn(client)[4300]: Data Channel Decrypt: Using 160 bit message hash 'SHA1' for HMAC authentication
Wed Dec 13 22:41:41 2017 daemon.notice openvpn(client)[4300]: Control Channel: TLSv1, cipher TLSv1/SSLv3 DHE-RSA-AES256-SHA, 2048 bit RSA
Wed Dec 13 22:42:13 2017 daemon.warn zabbix_agentd[4299]: Remote command [who | wc -l] result is not unsigned integer
Wed Dec 13 22:42:13 2017 daemon.warn zabbix_agentd[4299]: active check "system.users.num" is not supported
Wed Dec 13 22:54:13 2017 daemon.warn zabbix_agentd[4299]: Remote command [who | wc -l] result is not unsigned integer
Wed Dec 13 22:54:13 2017 daemon.warn zabbix_agentd[4299]: active check "system.users.num" is not supported
