Fri Dec  8 23:25:08 2017 daemon.warn zabbix_agentd[4341]: Remote command [who | wc -l] result is not unsigned integer
Fri Dec  8 23:25:08 2017 daemon.warn zabbix_agentd[4341]: active check "system.users.num" is not supported
Fri Dec  8 23:35:08 2017 daemon.warn zabbix_agentd[4341]: Remote command [who | wc -l] result is not unsigned integer
Fri Dec  8 23:35:08 2017 daemon.warn zabbix_agentd[4341]: active check "system.users.num" is not supported
Fri Dec  8 23:35:16 2017 daemon.notice openvpn(client)[4333]: TLS: tls_process: killed expiring key
Fri Dec  8 23:35:23 2017 daemon.notice openvpn(client)[4333]: VERIFY OK: depth=1, C=CN, ST=BJ, L=BeiJing, O=CRTT, OU=crwifi, CN=CRTT CA, name=vpn-crwifi, emailAddress=crwifi@crtt.com
Fri Dec  8 23:35:23 2017 daemon.notice openvpn(client)[4333]: VERIFY OK: nsCertType=SERVER
Fri Dec  8 23:35:23 2017 daemon.notice openvpn(client)[4333]: VERIFY OK: depth=0, C=CN, ST=BJ, L=BeiJing, O=CRTT, OU=crwifi, CN=vpn-crwifi, name=vpn-crwifi, emailAddress=crwifi@crtt.com
Fri Dec  8 23:35:24 2017 daemon.notice openvpn(client)[4333]: Data Channel Encrypt: Cipher 'BF-CBC' initialized with 128 bit key
Fri Dec  8 23:35:24 2017 daemon.notice openvpn(client)[4333]: Data Channel Encrypt: Using 160 bit message hash 'SHA1' for HMAC authentication
Fri Dec  8 23:35:24 2017 daemon.notice openvpn(client)[4333]: Data Channel Decrypt: Cipher 'BF-CBC' initialized with 128 bit key
Fri Dec  8 23:35:24 2017 daemon.notice openvpn(client)[4333]: Data Channel Decrypt: Using 160 bit message hash 'SHA1' for HMAC authentication
Fri Dec  8 23:35:24 2017 daemon.notice openvpn(client)[4333]: Control Channel: TLSv1, cipher TLSv1/SSLv3 DHE-RSA-AES256-SHA, 2048 bit RSA
Fri Dec  8 23:45:08 2017 daemon.warn zabbix_agentd[4341]: Remote command [who | wc -l] result is not unsigned integer
Fri Dec  8 23:45:08 2017 daemon.warn zabbix_agentd[4341]: active check "system.users.num" is not supported
Fri Dec  8 23:04:00 2017 daemon.warn zabbix_agentd[4341]: Remote command [who | wc -l] result is not unsigned integer
Fri Dec  8 23:04:00 2017 daemon.warn zabbix_agentd[4341]: active check "system.users.num" is not supported
Fri Dec  8 23:12:04 2017 daemon.warn zabbix_agentd[4341]: active check configuration update from [192.168.10.2:1234] started to fail (ZBX_TCP_READ() failed: [4] Interrupted system call)
Fri Dec  8 23:13:05 2017 daemon.warn zabbix_agentd[4341]: active check configuration update from [192.168.10.2:1234] is working again
Fri Dec  8 23:13:39 2017 kern.debug kernel: [23655.859545] UDP: bad checksum. From 183.9.118.131:10746 to 10.62.148.233:7700 ulen 1072
Fri Dec  8 23:15:05 2017 daemon.warn zabbix_agentd[4341]: Remote command [who | wc -l] result is not unsigned integer
Fri Dec  8 23:15:05 2017 daemon.warn zabbix_agentd[4341]: active check "system.users.num" is not supported
