Sat Dec 16 22:34:54 2017 daemon.notice openvpn(client)[4375]: TLS: tls_process: killed expiring key
Sat Dec 16 22:34:55 2017 daemon.notice openvpn(client)[4375]: TLS: soft reset sec=0 bytes=90317/0 pkts=1720/0
Sat Dec 16 22:34:57 2017 daemon.notice openvpn(client)[4375]: VERIFY OK: depth=1, C=CN, ST=BJ, L=BeiJing, O=CRTT, OU=crwifi, CN=CRTT CA, name=vpn-crwifi, emailAddress=crwifi@crtt.com
Sat Dec 16 22:34:57 2017 daemon.notice openvpn(client)[4375]: VERIFY OK: nsCertType=SERVER
Sat Dec 16 22:34:57 2017 daemon.notice openvpn(client)[4375]: VERIFY OK: depth=0, C=CN, ST=BJ, L=BeiJing, O=CRTT, OU=crwifi, CN=vpn-crwifi, name=vpn-crwifi, emailAddress=crwifi@crtt.com
Sat Dec 16 22:34:58 2017 daemon.notice openvpn(client)[4375]: Data Channel Encrypt: Cipher 'BF-CBC' initialized with 128 bit key
Sat Dec 16 22:34:58 2017 daemon.notice openvpn(client)[4375]: Data Channel Encrypt: Using 160 bit message hash 'SHA1' for HMAC authentication
Sat Dec 16 22:34:58 2017 daemon.notice openvpn(client)[4375]: Data Channel Decrypt: Cipher 'BF-CBC' initialized with 128 bit key
Sat Dec 16 22:34:58 2017 daemon.notice openvpn(client)[4375]: Data Channel Decrypt: Using 160 bit message hash 'SHA1' for HMAC authentication
Sat Dec 16 22:34:58 2017 daemon.notice openvpn(client)[4375]: Control Channel: TLSv1, cipher TLSv1/SSLv3 DHE-RSA-AES256-SHA, 2048 bit RSA
Sat Dec 16 22:41:44 2017 daemon.warn zabbix_agentd[4371]: Remote command [who | wc -l] result is not unsigned integer
Sat Dec 16 22:41:44 2017 daemon.warn zabbix_agentd[4371]: active check "system.users.num" is not supported
Sat Dec 16 22:51:46 2017 daemon.warn zabbix_agentd[4371]: Remote command [who | wc -l] result is not unsigned integer
Sat Dec 16 22:51:46 2017 daemon.warn zabbix_agentd[4371]: active check "system.users.num" is not supported
Sat Dec 16 23:01:48 2017 daemon.warn zabbix_agentd[4371]: Remote command [who | wc -l] result is not unsigned integer
Sat Dec 16 23:01:48 2017 daemon.warn zabbix_agentd[4371]: active check "system.users.num" is not supported
Sat Dec 16 23:11:50 2017 daemon.warn zabbix_agentd[4371]: Remote command [who | wc -l] result is not unsigned integer
Sat Dec 16 23:11:50 2017 daemon.warn zabbix_agentd[4371]: active check "system.users.num" is not supported
Sat Dec 16 23:21:51 2017 daemon.warn zabbix_agentd[4371]: Remote command [who | wc -l] result is not unsigned integer
Sat Dec 16 23:21:51 2017 daemon.warn zabbix_agentd[4371]: active check "system.users.num" is not supported
Sat Dec 16 23:31:52 2017 daemon.warn zabbix_agentd[4371]: Remote command [who | wc -l] result is not unsigned integer
Sat Dec 16 23:31:52 2017 daemon.warn zabbix_agentd[4371]: active check "system.users.num" is not supported
Sat Dec 16 23:34:55 2017 daemon.notice openvpn(client)[4375]: TLS: tls_process: killed expiring key
Sat Dec 16 23:34:58 2017 daemon.notice openvpn(client)[4375]: TLS: soft reset sec=0 bytes=91880/0 pkts=1750/0
Sat Dec 16 23:34:58 2017 daemon.notice openvpn(client)[4375]: VERIFY OK: depth=1, C=CN, ST=BJ, L=BeiJing, O=CRTT, OU=crwifi, CN=CRTT CA, name=vpn-crwifi, emailAddress=crwifi@crtt.com
Sat Dec 16 23:34:58 2017 daemon.notice openvpn(client)[4375]: VERIFY OK: nsCertType=SERVER
Sat Dec 16 23:34:58 2017 daemon.notice openvpn(client)[4375]: VERIFY OK: depth=0, C=CN, ST=BJ, L=BeiJing, O=CRTT, OU=crwifi, CN=vpn-crwifi, name=vpn-crwifi, emailAddress=crwifi@crtt.com
Sat Dec 16 23:34:59 2017 daemon.notice openvpn(client)[4375]: Data Channel Encrypt: Cipher 'BF-CBC' initialized with 128 bit key
Sat Dec 16 23:34:59 2017 daemon.notice openvpn(client)[4375]: Data Channel Encrypt: Using 160 bit message hash 'SHA1' for HMAC authentication
Sat Dec 16 23:34:59 2017 daemon.notice openvpn(client)[4375]: Data Channel Decrypt: Cipher 'BF-CBC' initialized with 128 bit key
Sat Dec 16 23:34:59 2017 daemon.notice openvpn(client)[4375]: Data Channel Decrypt: Using 160 bit message hash 'SHA1' for HMAC authentication
Sat Dec 16 23:34:59 2017 daemon.notice openvpn(client)[4375]: Control Channel: TLSv1, cipher TLSv1/SSLv3 DHE-RSA-AES256-SHA, 2048 bit RSA
Sat Dec 16 23:41:52 2017 daemon.warn zabbix_agentd[4371]: Remote command [who | wc -l] result is not unsigned integer
Sat Dec 16 23:41:52 2017 daemon.warn zabbix_agentd[4371]: active check "system.users.num" is not supported
Sat Dec 16 23:43:52 2017 daemon.err zabbix_agentd[4371]: cannot parse list of active checks: cannot parse as a valid JSON object: invalid object format, expected opening character '{' at: ',{"key":"net.if.out[vth11]","delay":30,"lastlogsize":0,"mtime":0},{"key":"net.if.out[vth21,bytes]","delay":30,"lastlogsize":0,"mtime":0},{"key":"net.if.out[vt
Sat Dec 16 21:54:40 2017 kern.crit kernel: [19232.494623] EXT4-fs error (device sda1): ext4_mb_generate_buddy:757: group 60, block bitmap and bg descriptor inconsistent: 1597 vs 1599 free clusters
Sat Dec 16 21:54:40 2017 kern.crit kernel: [19232.518129] EXT4-fs error (device sda1): ext4_mb_generate_buddy:757: group 63, block bitmap and bg descriptor inconsistent: 2016 vs 2017 free clusters
Sat Dec 16 21:55:00 2017 kern.crit kernel: [19252.826736] EXT4-fs error (device sda1): ext4_mb_generate_buddy:757: group 2482, block bitmap and bg descriptor inconsistent: 1620 vs 1621 free clusters
Sat Dec 16 21:57:33 2017 daemon.warn zabbix_agentd[4371]: active check configuration update from [192.168.10.2:1234] started to fail (ZBX_TCP_READ() failed: [4] Interrupted system call)
Sat Dec 16 21:59:38 2017 daemon.warn zabbix_agentd[4371]: active check configuration update from [192.168.10.2:1234] is working again
Sat Dec 16 21:59:38 2017 daemon.warn zabbix_agentd[4371]: Remote command [who | wc -l] result is not unsigned integer
Sat Dec 16 21:59:38 2017 daemon.warn zabbix_agentd[4371]: active check "system.users.num" is not supported
Sat Dec 16 22:01:38 2017 daemon.warn zabbix_agentd[4371]: Remote command [who | wc -l] result is not unsigned integer
Sat Dec 16 22:01:38 2017 daemon.warn zabbix_agentd[4371]: active check "system.users.num" is not supported
Sat Dec 16 22:06:29 2017 kern.warn kernel: [19943.000450] ------------[ cut here ]------------
Sat Dec 16 22:06:29 2017 kern.warn kernel: [19943.000455] WARNING: CPU: 3 PID: 0 at net/sched/sch_generic.c:306 dev_watchdog+0x16b/0x220()
Sat Dec 16 22:06:29 2017 kern.info kernel: [19943.000456] NETDEV WATCHDOG: lte_eth6 (qmi_wwan): transmit queue 0 timed out
Sat Dec 16 22:06:29 2017 kern.warn kernel: [19943.000484] Modules linked in: iptable_nat qmi_wwan pppoe nf_nat_ipv4 nf_conntrack_ipv6 nf_conntrack_ipv4 ipt_REJECT ipt_MASQUERADE ebtable_nat ebtable_filter ebtable_broute xt_u32 xt_time xt_tcpudp xt_tcpmss xt_string xt_statistic xt_state xt_recent xt_quota xt_pkttype xt_physdev xt_owner xt_nat xt_multiport xt_mark xt_mac xt_limit xt_length xt_ipv4options xt_iprange xt_ipp2p xt_iface xt_id xt_hl xt_helper xt_geoip xt_ecn xt_dscp xt_conntrack xt_connmark xt_coSat Dec 16 22:06:29 2017 kern.warn kernel: [19943.000529] CPU: 3 PID: 0 Comm: swapper/3 Not tainted 3.18.45 #69
Sat Dec 16 22:06:29 2017 kern.warn kernel: [19943.000531]  0000000000000286 0000000000000000 ffffffff81428a74 0000000000008383
Sat Dec 16 22:06:29 2017 kern.warn kernel: [19943.000533]  ffff88021e383e38 0000000000000009 ffffffff8103cacd 0000000000000000
Sat Dec 16 22:06:29 2017 kern.warn kernel: [19943.000534]  ffff88021292f000 0000000000000001 0000000000000003 ffff8802151a5838
Sat Dec 16 22:06:29 2017 kern.warn kernel: [19943.000535] Call Trace:
Sat Dec 16 22:06:29 2017 kern.warn kernel: [19943.000540]  <IRQ>  [<ffffffff81428a74>] ? dump_stack+0x5e/0x7a
Sat Dec 16 22:06:29 2017 kern.warn kernel: [19943.000544]  [<ffffffff8103cacd>] ? warn_slowpath_common+0x6d/0x90
Sat Dec 16 22:06:29 2017 kern.warn kernel: [19943.000546]  [<ffffffff8103cb35>] ? warn_slowpath_fmt+0x45/0x50
Sat Dec 16 22:06:29 2017 kern.warn kernel: [19943.000548]  [<ffffffff8134778b>] ? dev_watchdog+0x16b/0x220
Sat Dec 16 22:06:29 2017 kern.warn kernel: [19943.000550]  [<ffffffff81347620>] ? dev_graft_qdisc+0x80/0x80
Sat Dec 16 22:06:29 2017 kern.warn kernel: [19943.000553]  [<ffffffff81073dc6>] ? call_timer_fn.isra.33+0x16/0x80
Sat Dec 16 22:06:29 2017 kern.warn kernel: [19943.000555]  [<ffffffff8107405f>] ? run_timer_softirq+0x1af/0x200
Sat Dec 16 22:06:29 2017 kern.warn kernel: [19943.000557]  [<ffffffff8103f275>] ? __do_softirq+0xc5/0x1e0
Sat Dec 16 22:06:29 2017 kern.warn kernel: [19943.000560]  [<ffffffff8103f540>] ? irq_exit+0x40/0x70
Sat Dec 16 22:06:29 2017 kern.warn kernel: [19943.000562]  [<ffffffff8102983b>] ? smp_apic_timer_interrupt+0x3b/0x50
Sat Dec 16 22:06:29 2017 kern.warn kernel: [19943.000565]  [<ffffffff8142e9ba>] ? apic_timer_interrupt+0x6a/0x70
Sat Dec 16 22:06:29 2017 kern.warn kernel: [19943.000570]  <EOI>  [<ffffffff813078c7>] ? cpuidle_enter_state+0x47/0xb0
Sat Dec 16 22:06:29 2017 kern.warn kernel: [19943.000573]  [<ffffffff813078bd>] ? cpuidle_enter_state+0x3d/0xb0
Sat Dec 16 22:06:29 2017 kern.warn kernel: [19943.000576]  [<ffffffff810643cd>] ? cpu_startup_entry+0x1dd/0x2d0
Sat Dec 16 22:06:29 2017 kern.warn kernel: [19943.000578] ---[ end trace 98cfe6c0d1986d33 ]---
Sat Dec 16 22:11:40 2017 daemon.warn zabbix_agentd[4371]: Remote command [who | wc -l] result is not unsigned integer
Sat Dec 16 22:11:40 2017 daemon.warn zabbix_agentd[4371]: active check "system.users.num" is not supported
Sat Dec 16 22:21:41 2017 daemon.warn zabbix_agentd[4371]: Remote command [who | wc -l] result is not unsigned integer
Sat Dec 16 22:21:41 2017 daemon.warn zabbix_agentd[4371]: active check "system.users.num" is not supported
Sat Dec 16 22:31:44 2017 daemon.warn zabbix_agentd[4371]: Remote command [who | wc -l] result is not unsigned integer
Sat Dec 16 22:31:44 2017 daemon.warn zabbix_agentd[4371]: active check "system.users.num" is not supported
